
> react-typescript-starter@0.1.0 test
> react-scripts test --coverage

Browserslist: caniuse-lite is outdated. Please run:
  npx browserslist@latest --update-db
  Why you should do it regularly: https://github.com/browserslist/browserslist#browsers-data-updating
Browserslist: caniuse-lite is outdated. Please run:
  npx browserslist@latest --update-db
  Why you should do it regularly: https://github.com/browserslist/browserslist#browsers-data-updating
Browserslist: caniuse-lite is outdated. Please run:
  npx browserslist@latest --update-db
  Why you should do it regularly: https://github.com/browserslist/browserslist#browsers-data-updating
PASS src/objects.test.ts
PASS src/arrays.test.ts
PASS src/nested.test.ts
PASS src/functions.test.ts
PASS src/components/StartAttempt.test.tsx
PASS src/components/ChangeType.test.tsx
PASS src/components/TwoDice.test.tsx
PASS src/components/CycleHoliday.test.tsx
PASS src/components/RevealAnswer.test.tsx
PASS src/components/Counter.test.tsx
PASS src/text.test.tsx
PASS src/App.test.tsx
-------------------|---------|----------|---------|---------|-------------------
File               | % Stmts | % Branch | % Funcs | % Lines | Uncovered Line #s 
-------------------|---------|----------|---------|---------|-------------------
All files          |      97 |    96.96 |   97.75 |   96.71 |                   
 src               |   96.26 |    95.83 |   97.18 |   95.79 |                   
  App.tsx          |      50 |      100 |      50 |      50 | 29                
  arrays.ts        |   91.83 |    88.23 |   95.23 |   90.24 | 41-45             
  functions.ts     |     100 |      100 |     100 |     100 |                   
  nested.ts        |     100 |      100 |     100 |     100 |                   
  objects.ts       |     100 |      100 |     100 |     100 |                   
 src/components    |     100 |      100 |     100 |     100 |                   
  ChangeType.tsx   |     100 |      100 |     100 |     100 |                   
  Counter.tsx      |     100 |      100 |     100 |     100 |                   
  CycleHoliday.tsx |     100 |      100 |     100 |     100 |                   
  RevealAnswer.tsx |     100 |      100 |     100 |     100 |                   
  StartAttempt.tsx |     100 |      100 |     100 |     100 |                   
  TwoDice.tsx      |     100 |      100 |     100 |     100 |                   
 src/interfaces    |       0 |        0 |       0 |       0 |                   
  answer.ts        |       0 |        0 |       0 |       0 |                   
  question.ts      |       0 |        0 |       0 |       0 |                   
-------------------|---------|----------|---------|---------|-------------------

Test Suites: 12 passed, 12 total
Tests:       94 passed, 94 total
Snapshots:   0 total
Time:        5.353 s
Ran all test suites.
